2024-07-08 21:11:35.0508 Debug Message Template Auto Format enabled
2024-07-08 21:11:35.0869 Trace FindReachableObject<NLog.Internal.IRenderable>:
2024-07-08 21:11:35.0869 Trace Scanning ShortDateLayoutRenderer 'Layout Renderer: ${shortdate}'
2024-07-08 21:11:35.0869 Trace FindReachableObject<NLog.Internal.IRenderable>:
2024-07-08 21:11:35.0869 Trace Scanning LongDateLayoutRenderer 'Layout Renderer: ${longdate}'
2024-07-08 21:11:35.0869 Trace FindReachableObject<NLog.Internal.IRenderable>:
2024-07-08 21:11:35.0869 Trace Scanning LevelLayoutRenderer 'Layout Renderer: ${level}'
2024-07-08 21:11:35.0869 Trace FindReachableObject<NLog.Internal.IRenderable>:
2024-07-08 21:11:35.0869 Trace Scanning MessageLayoutRenderer 'Layout Renderer: ${message}'
2024-07-08 21:11:35.0922 Debug Adding target NLog.Targets.FileTarget(Name=logfile)
2024-07-08 21:11:35.0922 Info Registered target NLog.Targets.FileTarget(Name=logfile)
2024-07-08 21:11:35.0922 Trace ParseRulesElement
2024-07-08 21:11:35.0922 Info NLog, Version=5.0.0.0, Culture=neutral, PublicKeyToken=5120e14c03d0593c. File version: 5.3.2.2526. Product version: 5.3.2+8d52d4f3fcdbd84beae3442e1fdc8125598ed81f. GlobalAssemblyCache: False
2024-07-08 21:11:35.0922 Debug Start watching file-filter 'nlog.config' in directory: C:\Users\ronal\source\repos\CompanyEmployees\CompanyEmployees
2024-07-08 21:11:35.0922 Debug --- NLog configuration dump ---
2024-07-08 21:11:35.0922 Debug Targets:
2024-07-08 21:11:35.0922 Debug FileTarget(Name=logfile)
2024-07-08 21:11:35.0922 Debug Rules:
2024-07-08 21:11:35.0922 Debug logNamePattern: (:All) levels: [ Trace Debug Info Warn Error Fatal ] writeTo: [ logfile ]
2024-07-08 21:11:35.0922 Debug --- End of NLog configuration dump ---
2024-07-08 21:11:35.1081 Trace FindReachableObject<System.Object>:
2024-07-08 21:11:35.1081 Trace Scanning LoggingRule 'logNamePattern: (:All) levels: [ Trace Debug Info Warn Error Fatal ] writeTo: [ logfile ]'
2024-07-08 21:11:35.1081 Trace  Scanning Property Targets 'System.Collections.Generic.List`1[NLog.Targets.Target]' System.Collections.Generic.IList`1[NLog.Targets.Target]
2024-07-08 21:11:35.1081 Trace  Scanning FileTarget 'FileTarget(Name=logfile)'
2024-07-08 21:11:35.1081 Trace   Scanning Property FileName 'C:\Users\ronal\source\repos\CompanyEmployees\logs\${shortdate}_logfile.txt' NLog.Layouts.Layout
2024-07-08 21:11:35.1081 Trace   Scanning SimpleLayout 'C:\Users\ronal\source\repos\CompanyEmployees\logs\${shortdate}_logfile.txt'
2024-07-08 21:11:35.1081 Trace    Scanning Property LayoutRenderers 'NLog.LayoutRenderers.LayoutRenderer[]' System.Collections.Generic.IEnumerable`1[NLog.LayoutRenderers.LayoutRenderer]
2024-07-08 21:11:35.1081 Trace    Scanning LiteralLayoutRenderer 'Layout Renderer: ${literal}'
2024-07-08 21:11:35.1081 Trace    Scanning ShortDateLayoutRenderer 'Layout Renderer: ${shortdate}'
2024-07-08 21:11:35.1081 Trace    Scanning LiteralLayoutRenderer 'Layout Renderer: ${literal}'
2024-07-08 21:11:35.1081 Trace   Scanning Property Layout '${longdate} ${level:uppercase=true} ${message}' NLog.Layouts.Layout
2024-07-08 21:11:35.1081 Trace   Scanning SimpleLayout '${longdate} ${level:uppercase=true} ${message}'
2024-07-08 21:11:35.1081 Trace    Scanning Property LayoutRenderers 'NLog.LayoutRenderers.LayoutRenderer[]' System.Collections.Generic.IEnumerable`1[NLog.LayoutRenderers.LayoutRenderer]
2024-07-08 21:11:35.1081 Trace    Scanning LongDateLayoutRenderer 'Layout Renderer: ${longdate}'
2024-07-08 21:11:35.1081 Trace    Scanning LiteralLayoutRenderer 'Layout Renderer: ${literal}'
2024-07-08 21:11:35.1081 Trace    Scanning LevelLayoutRenderer 'Layout Renderer: ${level}'
2024-07-08 21:11:35.1081 Trace    Scanning LiteralLayoutRenderer 'Layout Renderer: ${literal}'
2024-07-08 21:11:35.1081 Trace    Scanning MessageLayoutRenderer 'Layout Renderer: ${message}'
2024-07-08 21:11:35.1081 Trace  Scanning Property ChildRules 'System.Collections.Generic.List`1[NLog.Config.LoggingRule]' System.Collections.Generic.IList`1[NLog.Config.LoggingRule]
2024-07-08 21:11:35.1081 Trace  Scanning Property Filters 'System.Collections.Generic.List`1[NLog.Filters.Filter]' System.Collections.Generic.IList`1[NLog.Filters.Filter]
2024-07-08 21:11:35.1081 Info Validating config: TargetNames=logfile, ConfigItems=12, FilePath=C:\Users\ronal\source\repos\CompanyEmployees\CompanyEmployees\nlog.config
2024-07-08 21:11:35.1081 Debug Unused target checking is started... Rule Count: 1, Target Count: 1
2024-07-08 21:11:35.1081 Debug Unused target checking is completed. Total Rule Count: 1, Total Target Count: 1, Unused Target Count: 0
2024-07-08 21:11:35.1081 Trace Initializing Layout Renderer: ${message}
2024-07-08 21:11:35.1081 Trace Initializing Layout Renderer: ${literal}
2024-07-08 21:11:35.1081 Trace Initializing Layout Renderer: ${level}
2024-07-08 21:11:35.1081 Trace Initializing Layout Renderer: ${literal}
2024-07-08 21:11:35.1081 Trace Initializing Layout Renderer: ${longdate}
2024-07-08 21:11:35.1081 Trace Initializing ${longdate} ${level:uppercase=true} ${message}
2024-07-08 21:11:35.1081 Trace FindReachableObject<NLog.Internal.IRenderable>:
2024-07-08 21:11:35.1081 Trace Scanning SimpleLayout '${longdate} ${level:uppercase=true} ${message}'
2024-07-08 21:11:35.1081 Trace  Scanning Property LayoutRenderers 'NLog.LayoutRenderers.LayoutRenderer[]' System.Collections.Generic.IEnumerable`1[NLog.LayoutRenderers.LayoutRenderer]
2024-07-08 21:11:35.1081 Trace  Scanning LongDateLayoutRenderer 'Layout Renderer: ${longdate}'
2024-07-08 21:11:35.1081 Trace  Scanning LiteralLayoutRenderer 'Layout Renderer: ${literal}'
2024-07-08 21:11:35.1081 Trace  Scanning LevelLayoutRenderer 'Layout Renderer: ${level}'
2024-07-08 21:11:35.1081 Trace  Scanning LiteralLayoutRenderer 'Layout Renderer: ${literal}'
2024-07-08 21:11:35.1081 Trace  Scanning MessageLayoutRenderer 'Layout Renderer: ${message}'
2024-07-08 21:11:35.1081 Trace Initializing Layout Renderer: ${literal}
2024-07-08 21:11:35.1081 Trace Initializing Layout Renderer: ${shortdate}
2024-07-08 21:11:35.1081 Trace Initializing Layout Renderer: ${literal}
2024-07-08 21:11:35.1234 Trace Initializing C:\Users\ronal\source\repos\CompanyEmployees\logs\${shortdate}_logfile.txt
2024-07-08 21:11:35.1234 Trace FindReachableObject<NLog.Internal.IRenderable>:
2024-07-08 21:11:35.1234 Trace Scanning SimpleLayout 'C:\Users\ronal\source\repos\CompanyEmployees\logs\${shortdate}_logfile.txt'
2024-07-08 21:11:35.1234 Trace  Scanning Property LayoutRenderers 'NLog.LayoutRenderers.LayoutRenderer[]' System.Collections.Generic.IEnumerable`1[NLog.LayoutRenderers.LayoutRenderer]
2024-07-08 21:11:35.1234 Trace  Scanning LiteralLayoutRenderer 'Layout Renderer: ${literal}'
2024-07-08 21:11:35.1234 Trace  Scanning ShortDateLayoutRenderer 'Layout Renderer: ${shortdate}'
2024-07-08 21:11:35.1234 Trace  Scanning LiteralLayoutRenderer 'Layout Renderer: ${literal}'
2024-07-08 21:11:35.1234 Trace Initializing FileTarget(Name=logfile)
2024-07-08 21:11:35.1234 Trace FindReachableObject<NLog.Layouts.Layout>:
2024-07-08 21:11:35.1234 Trace Scanning FileTarget 'FileTarget(Name=logfile)'
2024-07-08 21:11:35.1234 Trace  Scanning Property FileName 'C:\Users\ronal\source\repos\CompanyEmployees\logs\${shortdate}_logfile.txt' NLog.Layouts.Layout
2024-07-08 21:11:35.1234 Trace  Scanning Property Layout '${longdate} ${level:uppercase=true} ${message}' NLog.Layouts.Layout
2024-07-08 21:11:35.1234 Trace FileTarget(Name=logfile) has 2 layouts
2024-07-08 21:11:35.1234 Trace FileTarget(Name=logfile): Using appenderFactory: NLog.Internal.FileAppenders.SingleProcessFileAppender+Factory
2024-07-08 21:11:35.1234 Info Configuration initialized.
2024-07-08 21:11:43.5808 Debug Targets configured when LogLevel >= Trace for Logger: LoggerService.LoggerManager
2024-07-08 21:11:43.5808 Debug Logger LoggerService.LoggerManager [Trace] => logfile
2024-07-08 21:11:43.5808 Debug Logger LoggerService.LoggerManager [Debug] => logfile
2024-07-08 21:11:43.5808 Debug Logger LoggerService.LoggerManager [Info] => logfile
2024-07-08 21:11:43.5808 Debug Logger LoggerService.LoggerManager [Warn] => logfile
2024-07-08 21:11:43.5808 Debug Logger LoggerService.LoggerManager [Error] => logfile
2024-07-08 21:11:43.5808 Debug Logger LoggerService.LoggerManager [Fatal] => logfile
2024-07-08 21:11:43.5808 Debug FileTarget(Name=logfile): Preparing for new file: 'C:\Users\ronal\source\repos\CompanyEmployees\logs\2024-07-08_logfile.txt'
2024-07-08 21:11:43.5808 Debug FileTarget(Name=logfile): Creating file appender: 'C:\Users\ronal\source\repos\CompanyEmployees\logs\2024-07-08_logfile.txt'
2024-07-08 21:11:43.5808 Trace FileTarget(Name=logfile): Opening C:\Users\ronal\source\repos\CompanyEmployees\logs\2024-07-08_logfile.txt with allowFileSharedWriting=False
2024-07-08 21:11:43.5927 Debug FileTarget(Name=logfile): DirectoryNotFoundException - Attempting to create directory for FileName: C:\Users\ronal\source\repos\CompanyEmployees\logs\2024-07-08_logfile.txt
2024-07-08 21:15:32.6585 Debug Message Template Auto Format enabled
2024-07-08 21:15:32.6979 Trace FindReachableObject<NLog.Internal.IRenderable>:
2024-07-08 21:15:32.6979 Trace Scanning ShortDateLayoutRenderer 'Layout Renderer: ${shortdate}'
2024-07-08 21:15:32.6979 Trace FindReachableObject<NLog.Internal.IRenderable>:
2024-07-08 21:15:32.6979 Trace Scanning LongDateLayoutRenderer 'Layout Renderer: ${longdate}'
2024-07-08 21:15:32.7016 Trace FindReachableObject<NLog.Internal.IRenderable>:
2024-07-08 21:15:32.7016 Trace Scanning LevelLayoutRenderer 'Layout Renderer: ${level}'
2024-07-08 21:15:32.7016 Trace FindReachableObject<NLog.Internal.IRenderable>:
2024-07-08 21:15:32.7016 Trace Scanning MessageLayoutRenderer 'Layout Renderer: ${message}'
2024-07-08 21:15:32.7016 Debug Adding target NLog.Targets.FileTarget(Name=logfile)
2024-07-08 21:15:32.7016 Info Registered target NLog.Targets.FileTarget(Name=logfile)
2024-07-08 21:15:32.7016 Trace ParseRulesElement
2024-07-08 21:15:32.7016 Info NLog, Version=5.0.0.0, Culture=neutral, PublicKeyToken=5120e14c03d0593c. File version: 5.3.2.2526. Product version: 5.3.2+8d52d4f3fcdbd84beae3442e1fdc8125598ed81f. GlobalAssemblyCache: False
2024-07-08 21:15:32.7016 Debug Start watching file-filter 'nlog.config' in directory: C:\Users\ronal\source\repos\CompanyEmployees\CompanyEmployees
2024-07-08 21:15:32.7167 Debug --- NLog configuration dump ---
2024-07-08 21:15:32.7167 Debug Targets:
2024-07-08 21:15:32.7167 Debug FileTarget(Name=logfile)
2024-07-08 21:15:32.7167 Debug Rules:
2024-07-08 21:15:32.7167 Debug logNamePattern: (:All) levels: [ Trace Debug Info Warn Error Fatal ] writeTo: [ logfile ]
2024-07-08 21:15:32.7167 Debug --- End of NLog configuration dump ---
2024-07-08 21:15:32.7167 Trace FindReachableObject<System.Object>:
2024-07-08 21:15:32.7167 Trace Scanning LoggingRule 'logNamePattern: (:All) levels: [ Trace Debug Info Warn Error Fatal ] writeTo: [ logfile ]'
2024-07-08 21:15:32.7167 Trace  Scanning Property Targets 'System.Collections.Generic.List`1[NLog.Targets.Target]' System.Collections.Generic.IList`1[NLog.Targets.Target]
2024-07-08 21:15:32.7167 Trace  Scanning FileTarget 'FileTarget(Name=logfile)'
2024-07-08 21:15:32.7167 Trace   Scanning Property FileName 'C:\Users\ronal\source\repos\CompanyEmployees\logs\${shortdate}_logfile.txt' NLog.Layouts.Layout
2024-07-08 21:15:32.7167 Trace   Scanning SimpleLayout 'C:\Users\ronal\source\repos\CompanyEmployees\logs\${shortdate}_logfile.txt'
2024-07-08 21:15:32.7167 Trace    Scanning Property LayoutRenderers 'NLog.LayoutRenderers.LayoutRenderer[]' System.Collections.Generic.IEnumerable`1[NLog.LayoutRenderers.LayoutRenderer]
2024-07-08 21:15:32.7167 Trace    Scanning LiteralLayoutRenderer 'Layout Renderer: ${literal}'
2024-07-08 21:15:32.7167 Trace    Scanning ShortDateLayoutRenderer 'Layout Renderer: ${shortdate}'
2024-07-08 21:15:32.7167 Trace    Scanning LiteralLayoutRenderer 'Layout Renderer: ${literal}'
2024-07-08 21:15:32.7167 Trace   Scanning Property Layout '${longdate} ${level:uppercase=true} ${message}' NLog.Layouts.Layout
2024-07-08 21:15:32.7167 Trace   Scanning SimpleLayout '${longdate} ${level:uppercase=true} ${message}'
2024-07-08 21:15:32.7167 Trace    Scanning Property LayoutRenderers 'NLog.LayoutRenderers.LayoutRenderer[]' System.Collections.Generic.IEnumerable`1[NLog.LayoutRenderers.LayoutRenderer]
2024-07-08 21:15:32.7167 Trace    Scanning LongDateLayoutRenderer 'Layout Renderer: ${longdate}'
2024-07-08 21:15:32.7167 Trace    Scanning LiteralLayoutRenderer 'Layout Renderer: ${literal}'
2024-07-08 21:15:32.7167 Trace    Scanning LevelLayoutRenderer 'Layout Renderer: ${level}'
2024-07-08 21:15:32.7167 Trace    Scanning LiteralLayoutRenderer 'Layout Renderer: ${literal}'
2024-07-08 21:15:32.7167 Trace    Scanning MessageLayoutRenderer 'Layout Renderer: ${message}'
2024-07-08 21:15:32.7167 Trace  Scanning Property ChildRules 'System.Collections.Generic.List`1[NLog.Config.LoggingRule]' System.Collections.Generic.IList`1[NLog.Config.LoggingRule]
2024-07-08 21:15:32.7167 Trace  Scanning Property Filters 'System.Collections.Generic.List`1[NLog.Filters.Filter]' System.Collections.Generic.IList`1[NLog.Filters.Filter]
2024-07-08 21:15:32.7167 Info Validating config: TargetNames=logfile, ConfigItems=12, FilePath=C:\Users\ronal\source\repos\CompanyEmployees\CompanyEmployees\nlog.config
2024-07-08 21:15:32.7167 Debug Unused target checking is started... Rule Count: 1, Target Count: 1
2024-07-08 21:15:32.7167 Debug Unused target checking is completed. Total Rule Count: 1, Total Target Count: 1, Unused Target Count: 0
2024-07-08 21:15:32.7167 Trace Initializing Layout Renderer: ${message}
2024-07-08 21:15:32.7167 Trace Initializing Layout Renderer: ${literal}
2024-07-08 21:15:32.7167 Trace Initializing Layout Renderer: ${level}
2024-07-08 21:15:32.7167 Trace Initializing Layout Renderer: ${literal}
2024-07-08 21:15:32.7167 Trace Initializing Layout Renderer: ${longdate}
2024-07-08 21:15:32.7167 Trace Initializing ${longdate} ${level:uppercase=true} ${message}
2024-07-08 21:15:32.7167 Trace FindReachableObject<NLog.Internal.IRenderable>:
2024-07-08 21:15:32.7167 Trace Scanning SimpleLayout '${longdate} ${level:uppercase=true} ${message}'
2024-07-08 21:15:32.7167 Trace  Scanning Property LayoutRenderers 'NLog.LayoutRenderers.LayoutRenderer[]' System.Collections.Generic.IEnumerable`1[NLog.LayoutRenderers.LayoutRenderer]
2024-07-08 21:15:32.7326 Trace  Scanning LongDateLayoutRenderer 'Layout Renderer: ${longdate}'
2024-07-08 21:15:32.7326 Trace  Scanning LiteralLayoutRenderer 'Layout Renderer: ${literal}'
2024-07-08 21:15:32.7326 Trace  Scanning LevelLayoutRenderer 'Layout Renderer: ${level}'
2024-07-08 21:15:32.7326 Trace  Scanning LiteralLayoutRenderer 'Layout Renderer: ${literal}'
2024-07-08 21:15:32.7326 Trace  Scanning MessageLayoutRenderer 'Layout Renderer: ${message}'
2024-07-08 21:15:32.7326 Trace Initializing Layout Renderer: ${literal}
2024-07-08 21:15:32.7326 Trace Initializing Layout Renderer: ${shortdate}
2024-07-08 21:15:32.7326 Trace Initializing Layout Renderer: ${literal}
2024-07-08 21:15:32.7326 Trace Initializing C:\Users\ronal\source\repos\CompanyEmployees\logs\${shortdate}_logfile.txt
2024-07-08 21:15:32.7326 Trace FindReachableObject<NLog.Internal.IRenderable>:
2024-07-08 21:15:32.7326 Trace Scanning SimpleLayout 'C:\Users\ronal\source\repos\CompanyEmployees\logs\${shortdate}_logfile.txt'
2024-07-08 21:15:32.7326 Trace  Scanning Property LayoutRenderers 'NLog.LayoutRenderers.LayoutRenderer[]' System.Collections.Generic.IEnumerable`1[NLog.LayoutRenderers.LayoutRenderer]
2024-07-08 21:15:32.7326 Trace  Scanning LiteralLayoutRenderer 'Layout Renderer: ${literal}'
2024-07-08 21:15:32.7326 Trace  Scanning ShortDateLayoutRenderer 'Layout Renderer: ${shortdate}'
2024-07-08 21:15:32.7326 Trace  Scanning LiteralLayoutRenderer 'Layout Renderer: ${literal}'
2024-07-08 21:15:32.7326 Trace Initializing FileTarget(Name=logfile)
2024-07-08 21:15:32.7326 Trace FindReachableObject<NLog.Layouts.Layout>:
2024-07-08 21:15:32.7326 Trace Scanning FileTarget 'FileTarget(Name=logfile)'
2024-07-08 21:15:32.7326 Trace  Scanning Property FileName 'C:\Users\ronal\source\repos\CompanyEmployees\logs\${shortdate}_logfile.txt' NLog.Layouts.Layout
2024-07-08 21:15:32.7326 Trace  Scanning Property Layout '${longdate} ${level:uppercase=true} ${message}' NLog.Layouts.Layout
2024-07-08 21:15:32.7326 Trace FileTarget(Name=logfile) has 2 layouts
2024-07-08 21:15:32.7326 Trace FileTarget(Name=logfile): Using appenderFactory: NLog.Internal.FileAppenders.SingleProcessFileAppender+Factory
2024-07-08 21:15:32.7326 Info Configuration initialized.
2024-07-08 21:15:46.1668 Info Configuration file change detected! Reloading in 1000ms...
2024-07-08 21:15:47.1804 Info Reloading configuration...
2024-07-08 21:15:47.1804 Info Loading NLog config from XML file: C:\Users\ronal\source\repos\CompanyEmployees\CompanyEmployees\nlog.config
2024-07-08 21:15:47.1804 Trace ParseNLogElement
2024-07-08 21:15:47.1804 Trace ParseNLogConfig
